1/27/2025, 11:53:37 PM GMT-3 0: 

----------------------------------------------
1/27/2025, 11:53:37 PM GMT-3 1: Discord starting: {"releaseChannel":"stable","version":"0.0.82"}, modulepath: /home/maximo/.config/discord/0.0.82/modules
1/27/2025, 11:53:37 PM GMT-3 2: ✅ webContents.created web1 ""
1/27/2025, 11:53:38 PM GMT-3 3: ✅ window.created win1 "discord"
1/27/2025, 11:53:38 PM GMT-3 4: ✅ webContents.did-finish-load web1
1/27/2025, 11:53:54 PM GMT-3 5: ✅ webContents.created web2 ""
1/27/2025, 11:53:54 PM GMT-3 6: ✅ window.created win2 "Discord"
1/27/2025, 11:53:57 PM GMT-3 7: ✅ webContents.did-finish-load web2
1/27/2025, 11:53:57 PM GMT-3 8: window.close win1
1/27/2025, 11:53:57 PM GMT-3 9: webContents.destroyed web1
1/27/2025, 11:53:57 PM GMT-3 10: window.closed win1
1/29/2025, 11:38:10 PM GMT-3 0: 

----------------------------------------------
1/29/2025, 11:38:10 PM GMT-3 1: Discord starting: {"releaseChannel":"stable","version":"0.0.82"}, modulepath: /home/maximo/.config/discord/0.0.82/modules
1/29/2025, 11:38:10 PM GMT-3 2: ✅ webContents.created web1 ""
1/29/2025, 11:38:10 PM GMT-3 3: ✅ window.created win1 "discord"
1/29/2025, 11:38:10 PM GMT-3 4: ✅ webContents.did-finish-load web1
1/29/2025, 11:38:11 PM GMT-3 5: ✅ webContents.created web2 ""
1/29/2025, 11:38:11 PM GMT-3 6: ✅ window.created win2 "Discord"
1/29/2025, 11:38:14 PM GMT-3 7: ✅ webContents.did-finish-load web2
1/29/2025, 11:38:14 PM GMT-3 8: window.close win1
1/29/2025, 11:38:14 PM GMT-3 9: webContents.destroyed web1
1/29/2025, 11:38:14 PM GMT-3 10: window.closed win1
